生成启动时间为 2018/3/15 17:02:26。
     1>项目“D:\Software development\project\VisInt_CamAcq\VisInt_CamAcq\VisInt_CamAcq.vcxproj”在节点 2 上(Build 个目标)。
     1>C:\Program Files (x86)\MSBuild\Microsoft.Cpp\v4.0\V120\Microsoft.CppBuild.targets(935,5): warning MSB8027: Two or more files with the name of moc_Configue_Parameters.cpp will produce outputs to the same location. This can lead to an incorrect build result.  The files involved are GeneratedFiles\Debug\moc_Configue_Parameters.cpp, GeneratedFiles\Release\moc_Configue_Parameters.cpp.
     1>C:\Program Files (x86)\MSBuild\Microsoft.Cpp\v4.0\V120\Microsoft.CppBuild.targets(935,5): warning MSB8027: Two or more files with the name of moc_visint_camacq.cpp will produce outputs to the same location. This can lead to an incorrect build result.  The files involved are GeneratedFiles\Debug\moc_visint_camacq.cpp, GeneratedFiles\Release\moc_visint_camacq.cpp.
     1>ClCompile:
         D:\VS\VC\bin\x86_amd64\CL.exe /c /I"D:\Software development\Include" /I"D:\Software development\Classes\Basic" /I.\GeneratedFiles /I. /ID:\Qt\Qt5.8.0\5.8\msvc2013_64\include /I.\GeneratedFiles\Debug /ID:\Qt\Qt5.8.0\5.8\msvc2013_64\include\QtCore /ID:\Qt\Qt5.8.0\5.8\msvc2013_64\include\QtGui /ID:\Qt\Qt5.8.0\5.8\msvc2013_64\include\QtWidgets /Zi /nologo /W1 /WX- /Od /D UNICODE /D WIN32 /D WIN64 /D QT_DLL /D QT_CORE_LIB /D QT_GUI_LIB /D QT_WIDGETS_LIB /Gm- /EHsc /MDd /GS /fp:precise /Zc:wchar_t /Zc:forScope /Fo"x64\Debug\\" /Fd"x64\Debug\vc120.pdb" /Gd /TP /errorReport:prompt visint_camacq.cpp
         visint_camacq.cpp
         D:\VS\VC\bin\x86_amd64\CL.exe /c /I"D:\Software development\Include" /I"D:\Software development\Classes\Basic" /I.\GeneratedFiles /I. /ID:\Qt\Qt5.8.0\5.8\msvc2013_64\include /I.\GeneratedFiles\Debug /ID:\Qt\Qt5.8.0\5.8\msvc2013_64\include\QtCore /ID:\Qt\Qt5.8.0\5.8\msvc2013_64\include\QtGui /ID:\Qt\Qt5.8.0\5.8\msvc2013_64\include\QtWidgets /Zi /nologo /W1 /WX- /Od /D UNICODE /D WIN32 /D WIN64 /D QT_DLL /D QT_CORE_LIB /D QT_GUI_LIB /D QT_WIDGETS_LIB /Gm- /EHsc /MDd /GS /fp:precise /Zc:wchar_t /Zc:forScope /Fo"x64\Debug\\" /Fd"x64\Debug\vc120.pdb" /Gd /TP /errorReport:prompt GeneratedFiles\qrc_visint_camacq.cpp
         qrc_visint_camacq.cpp
       Link:
         D:\VS\VC\bin\x86_amd64\link.exe /ERRORREPORT:PROMPT /OUT:"D:\Software development\project\VisInt_CamAcq\x64\Debug\\VisInt_CamAcq.exe" /NOLOGO /LIBPATH:"D:\Software development\Lib\Win64\VS2013" /LIBPATH:D:\Qt\Qt5.8.0\5.8\msvc2013_64\lib qtmaind.lib Qt5Cored.lib Qt5Guid.lib Qt5Widgetsd.lib SapClassBasic.lib kernel32.lib user32.lib gdi32.lib winspool.lib comdlg32.lib advapi32.lib shell32.lib ole32.lib oleaut32.lib uuid.lib odbc32.lib odbccp32.lib /MANIFEST /MANIFESTUAC:"level='asInvoker' uiAccess='false'" /manifest:embed /DEBUG /PDB:"D:\Software development\project\VisInt_CamAcq\x64\Debug\VisInt_CamAcq.pdb" /SUBSYSTEM:WINDOWS /TLBID:1 /DYNAMICBASE /NXCOMPAT /IMPLIB:"D:\Software development\project\VisInt_CamAcq\x64\Debug\VisInt_CamAcq.lib" /MACHINE:X64 x64\Debug\Configue_Parameters.obj
         x64\Debug\moc_Configue_Parameters.obj
         x64\Debug\moc_visint_camacq.obj
         x64\Debug\qrc_visint_camacq.obj
         x64\Debug\main.obj
         x64\Debug\visint_camacq.obj
         VisInt_CamAcq.vcxproj -> D:\Software development\project\VisInt_CamAcq\x64\Debug\VisInt_CamAcq.exe
     1>已完成生成项目“D:\Software development\project\VisInt_CamAcq\VisInt_CamAcq\VisInt_CamAcq.vcxproj”(Build 个目标)的操作。

生成成功。

已用时间 00:00:02.09
